<?xml version="1.0" encoding="UTF-8"?>
<testng-results skipped="0" failed="0" ignored="0" total="3" passed="3">
  <reporter-output>
  </reporter-output>
  <suite name="packOne" duration-ms="24158" started-at="2021-12-21T16:26:44Z" finished-at="2021-12-21T16:27:09Z">
    <groups>
    </groups>
    <test name="packOneTest" duration-ms="24158" started-at="2021-12-21T16:26:44Z" finished-at="2021-12-21T16:27:09Z">
      <class name="Chrome">
        <test-method status="PASS" signature="Chrome()[pri:0, instance:Chrome@6156496]" name="Chrome" duration-ms="5776" started-at="2021-12-21T16:26:44Z" finished-at="2021-12-21T16:26:50Z">
          <reporter-output>
          </reporter-output>
        </test-method> <!-- Chrome -->
      </class> <!-- Chrome -->
      <class name="Edge">
        <test-method status="PASS" signature="Edge()[pri:0, instance:Edge@3c153a1]" name="Edge" duration-ms="7699" started-at="2021-12-21T16:26:50Z" finished-at="2021-12-21T16:26:58Z">
          <reporter-output>
          </reporter-output>
        </test-method> <!-- Edge -->
      </class> <!-- Edge -->
      <class name="Firefox">
        <test-method status="PASS" signature="firefox()[pri:0, instance:Firefox@b62fe6d]" name="firefox" duration-ms="10639" started-at="2021-12-21T16:26:58Z" finished-at="2021-12-21T16:27:09Z">
          <reporter-output>
          </reporter-output>
        </test-method> <!-- firefox -->
      </class> <!-- Firefox -->
    </test> <!-- packOneTest -->
  </suite> <!-- packOne -->
</testng-results>
