<?xml version="1.0" encoding="UTF-8"?>
<testng-results skipped="0" failed="0" ignored="0" total="1" passed="1">
  <reporter-output>
  </reporter-output>
  <suite name="Default suite" duration-ms="9093" started-at="2021-12-21T17:00:26Z" finished-at="2021-12-21T17:00:35Z">
    <groups>
    </groups>
    <test name="Default test" duration-ms="9093" started-at="2021-12-21T17:00:26Z" finished-at="2021-12-21T17:00:35Z">
      <class name="Edge">
        <test-method status="PASS" signature="Edge()[pri:0, instance:Edge@4cc0edeb]" name="Edge" duration-ms="9052" started-at="2021-12-21T17:00:26Z" finished-at="2021-12-21T17:00:35Z">
          <reporter-output>
          </reporter-output>
        </test-method> <!-- Edge -->
      </class> <!-- Edge -->
    </test> <!-- Default test -->
  </suite> <!-- Default suite -->
</testng-results>
